sample/build/intermediates/manifest_merge_blame_file/debug/manifest-merger-blame-debug-report.txt
1<?xml version="1.0" encoding="utf-8"?>
2<manifest xmlns:android="http://schemas.android.com/apk/res/android"
3    package="com.framgia.library.calendardayview"
4    android:versionCode="1"
5    android:versionName="1.0.0" >
6
7    <uses-sdk
8        android:minSdkVersion="15"
8-->src/main/AndroidManifest.xml
9        android:targetSdkVersion="25" />
9-->src/main/AndroidManifest.xml
10
11    <meta-data
11-->[com.android.support:appcompat-v7:25.3.1] AndroidManifest.xml:25:5-27:34
12        android:name="android.support.VERSION"
12-->[com.android.support:appcompat-v7:25.3.1] AndroidManifest.xml:26:9-47
13        android:value="25.3.1" />
13-->[com.android.support:appcompat-v7:25.3.1] AndroidManifest.xml:27:9-31
14
15    <application
15-->src/main/AndroidManifest.xml:5:5-25:19
16        android:allowBackup="true"
16-->src/main/AndroidManifest.xml:6:9-35
17        android:debuggable="true"
18        android:icon="@mipmap/ic_launcher"
18-->src/main/AndroidManifest.xml:7:9-43
19        android:label="@string/app_name"
19-->src/main/AndroidManifest.xml:8:9-41
20        android:supportsRtl="true"
20-->src/main/AndroidManifest.xml:9:9-35
21        android:theme="@style/AppTheme" >
21-->src/main/AndroidManifest.xml:10:9-40
22        <activity android:name="com.framgia.sample.calendardayview.Calender" />
22-->src/main/AndroidManifest.xml:11:9-55
22-->src/main/AndroidManifest.xml:11:19-43
23        <activity android:name="com.framgia.sample.calendardayview.EventFinderPage" />
23-->src/main/AndroidManifest.xml:12:9-53
23-->src/main/AndroidManifest.xml:12:19-50
24        <activity android:name="com.framgia.sample.calendardayview.PromotedEventsPage" />
24-->src/main/AndroidManifest.xml:13:9-56
24-->src/main/AndroidManifest.xml:13:19-53
25        <activity
25-->src/main/AndroidManifest.xml:14:9-17:58
26            android:name="com.framgia.sample.calendardayview.AddClassActivity"
26-->src/main/AndroidManifest.xml:15:13-45
27            android:label="Add Class"
27-->src/main/AndroidManifest.xml:16:13-38
28            android:parentActivityName="com.framgia.sample.calendardayview.MainActivity" />
28-->src/main/AndroidManifest.xml:17:13-55
29        <activity android:name="com.framgia.sample.calendardayview.MainActivity" >
29-->src/main/AndroidManifest.xml:18:9-24:20
29-->src/main/AndroidManifest.xml:18:19-47
30            <intent-filter>
30-->src/main/AndroidManifest.xml:19:13-23:29
31                <action android:name="android.intent.action.MAIN" />
31-->src/main/AndroidManifest.xml:20:17-69
31-->src/main/AndroidManifest.xml:20:25-66
32
33                <category android:name="android.intent.category.LAUNCHER" />
33-->src/main/AndroidManifest.xml:22:17-77
33-->src/main/AndroidManifest.xml:22:27-74
34            </intent-filter>
35        </activity>
36    </application>
37
38</manifest>